<?xml version="1.0" encoding="UTF-8"?>
<testng-results ignored="1" total="2" passed="1" failed="0" skipped="0">
  <reporter-output>
  </reporter-output>
  <suite started-at="2025-05-18T03:47:33 EET" name="Default suite" finished-at="2025-05-18T03:48:24 EET" duration-ms="51809">
    <groups>
    </groups>
    <test started-at="2025-05-18T03:47:33 EET" name="Default test" finished-at="2025-05-18T03:48:24 EET" duration-ms="51809">
      <class name="MyTest">
        <test-method is-config="true" signature="MySetup()[pri:0, instance:MyTest@7770f470]" started-at="2025-05-18T03:47:33 EET" name="MySetup" finished-at="2025-05-18T03:47:33 EET" duration-ms="51" status="PASS">
          <reporter-output>
          </reporter-output>
        </test-method> <!-- MySetup -->
        <test-method is-config="true" signature="BeforeEachTest()[pri:0, instance:MyTest@7770f470]" started-at="2025-05-18T03:47:33 EET" name="BeforeEachTest" finished-at="2025-05-18T03:48:12 EET" duration-ms="39527" status="PASS">
          <reporter-output>
          </reporter-output>
        </test-method> <!-- BeforeEachTest -->
        <test-method signature="ClickOnlyOnTheNumbers()[pri:2, instance:MyTest@7770f470]" started-at="2025-05-18T03:48:12 EET" name="ClickOnlyOnTheNumbers" finished-at="2025-05-18T03:48:24 EET" duration-ms="12091" status="PASS">
          <reporter-output>
          </reporter-output>
        </test-method> <!-- ClickOnlyOnTheNumbers -->
      </class> <!-- MyTest -->
    </test> <!-- Default test -->
  </suite> <!-- Default suite -->
</testng-results>
